

Started GET "/assets/rails.png" for 127.0.0.1 at 2013-03-18 15:16:01 -0400
Connecting to database specified by database.yml
Served asset /rails.png - 200 OK (4ms)


Started GET "/assets/rails.png" for 127.0.0.1 at 2013-03-18 15:55:21 -0400
Served asset /rails.png - 304 Not Modified (0ms)
Connecting to database specified by database.yml
  [1m[36m (0.1ms)[0m  [1mselect sqlite_version(*)[0m
  [1m[35m (1.4ms)[0m  CREATE TABLE "schema_migrations" ("version" varchar(255) NOT NULL) 
  [1m[36m (0.0ms)[0m  [1mPRAGMA index_list("schema_migrations")[0m
  [1m[35m (1.5ms)[0m  CREATE UNIQUE INDEX "unique_schema_migrations" ON "schema_migrations" ("version")
  [1m[36m (0.2ms)[0m  [1mselect sqlite_version(*)[0m
  [1m[35m (0.1ms)[0m  SELECT "schema_migrations"."version" FROM "schema_migrations" 
Connecting to database specified by database.yml
Connecting to database specified by database.yml
  [1m[36m (0.1ms)[0m  [1mSELECT "schema_migrations"."version" FROM "schema_migrations" [0m
Migrating to CreateTopics (20130318202044)
  [1m[35m (0.0ms)[0m  select sqlite_version(*)
  [1m[36m (0.0ms)[0m  [1mbegin transaction[0m
  [1m[35m (0.4ms)[0m  CREATE TABLE "topics" ("id" INTEGER PRIMARY KEY AUTOINCREMENT NOT NULL, "title" varchar(255), "description" text, "created_at" datetime NOT NULL, "updated_at" datetime NOT NULL) 
  [1m[36m (0.1ms)[0m  [1mINSERT INTO "schema_migrations" ("version") VALUES ('20130318202044')[0m
  [1m[35m (2.5ms)[0m  commit transaction
  [1m[36m (0.2ms)[0m  [1mselect sqlite_version(*)[0m
  [1m[35m (0.1ms)[0m  SELECT "schema_migrations"."version" FROM "schema_migrations" 
  [1m[36m (0.0ms)[0m  [1mPRAGMA index_list("topics")[0m


Started GET "/assets/rails.png" for 127.0.0.1 at 2013-03-18 16:28:01 -0400
Connecting to database specified by database.yml
Served asset /rails.png - 304 Not Modified (26ms)


Started GET "/assets/rails.png" for 127.0.0.1 at 2013-03-18 16:28:06 -0400
Served asset /rails.png - 304 Not Modified (0ms)


Started GET "/topics" for 127.0.0.1 at 2013-03-18 16:28:09 -0400
Processing by TopicsController#index as HTML
  [1m[36mTopic Load (0.1ms)[0m  [1mSELECT "topics".* FROM "topics" [0m
  Rendered topics/index.html.erb within layouts/application (20.6ms)
Compiled scaffolds.css  (52ms)  (pid 98256)
Compiled topics.css  (1ms)  (pid 98256)
Compiled application.css  (106ms)  (pid 98256)
Compiled jquery.js  (1ms)  (pid 98256)
Compiled jquery_ujs.js  (0ms)  (pid 98256)
Compiled topics.js  (689ms)  (pid 98256)
Compiled application.js  (921ms)  (pid 98256)
Completed 200 OK in 1389ms (Views: 1194.5ms | ActiveRecord: 1.2ms)


Started GET "/assets/scaffolds.css?body=1" for 127.0.0.1 at 2013-03-18 16:28:11 -0400
Served asset /scaffolds.css - 200 OK (2ms)


Started GET "/assets/topics.css?body=1" for 127.0.0.1 at 2013-03-18 16:28:11 -0400
Served asset /topics.css - 200 OK (3ms)


Started GET "/assets/topics.js?body=1" for 127.0.0.1 at 2013-03-18 16:28:11 -0400
Served asset /topics.js - 200 OK (2ms)


Started GET "/assets/application.css?body=1" for 127.0.0.1 at 2013-03-18 16:28:11 -0400
Served asset /application.css - 200 OK (5ms)


Started GET "/assets/jquery_ujs.js?body=1" for 127.0.0.1 at 2013-03-18 16:28:11 -0400
Served asset /jquery_ujs.js - 200 OK (1ms)


Started GET "/assets/application.js?body=1" for 127.0.0.1 at 2013-03-18 16:28:11 -0400
Served asset /application.js - 200 OK (3ms)


Started GET "/assets/jquery.js?body=1" for 127.0.0.1 at 2013-03-18 16:28:11 -0400
Served asset /jquery.js - 200 OK (19ms)


Started GET "/topics/new" for 127.0.0.1 at 2013-03-18 16:28:35 -0400
Processing by TopicsController#new as HTML
  Rendered topics/_form.html.erb (43.3ms)
  Rendered topics/new.html.erb within layouts/application (80.9ms)
Completed 200 OK in 89ms (Views: 84.5ms | ActiveRecord: 0.0ms)


Started POST "/topics" for 127.0.0.1 at 2013-03-18 16:28:57 -0400
Processing by TopicsController#create as HTML
  Parameters: {"utf8"=>"✓", "authenticity_token"=>"n9J2L5t5aDsfxEggtB0jTVhsZzSoQ2M7KUxVa9Rw42E=", "topic"=>{"title"=>"Title_01", "description"=>"Des_01"}, "commit"=>"Create Topic"}
  [1m[35m (0.1ms)[0m  begin transaction
  [1m[36mSQL (93.3ms)[0m  [1mINSERT INTO "topics" ("created_at", "description", "title", "updated_at") VALUES (?, ?, ?, ?)[0m  [["created_at", Mon, 18 Mar 2013 20:28:57 UTC +00:00], ["description", "Des_01"], ["title", "Title_01"], ["updated_at", Mon, 18 Mar 2013 20:28:57 UTC +00:00]]
  [1m[35m (2.8ms)[0m  commit transaction
Redirected to http://localhost:3000/topics/1
Completed 302 Found in 100ms (ActiveRecord: 96.2ms)


Started GET "/topics/1" for 127.0.0.1 at 2013-03-18 16:28:57 -0400
Processing by TopicsController#show as HTML
  Parameters: {"id"=>"1"}
  [1m[36mTopic Load (0.3ms)[0m  [1mSELECT "topics".* FROM "topics" WHERE "topics"."id" = ? LIMIT 1[0m  [["id", "1"]]
  Rendered topics/show.html.erb within layouts/application (1.1ms)
Completed 200 OK in 8ms (Views: 5.2ms | ActiveRecord: 0.3ms)


Started GET "/assets/scaffolds.css?body=1" for 127.0.0.1 at 2013-03-18 16:28:57 -0400
Served asset /scaffolds.css - 304 Not Modified (0ms)


Started GET "/assets/topics.css?body=1" for 127.0.0.1 at 2013-03-18 16:28:57 -0400
Served asset /topics.css - 304 Not Modified (0ms)


Started GET "/assets/topics.js?body=1" for 127.0.0.1 at 2013-03-18 16:28:57 -0400
Served asset /topics.js - 304 Not Modified (0ms)


Started GET "/topics/1/edit" for 127.0.0.1 at 2013-03-18 16:29:01 -0400
Processing by TopicsController#edit as HTML
  Parameters: {"id"=>"1"}
  [1m[35mTopic Load (0.1ms)[0m  SELECT "topics".* FROM "topics" WHERE "topics"."id" = ? LIMIT 1  [["id", "1"]]
  Rendered topics/_form.html.erb (1.9ms)
  Rendered topics/edit.html.erb within layouts/application (3.2ms)
Completed 200 OK in 21ms (Views: 19.8ms | ActiveRecord: 0.1ms)


Started GET "/assets/scaffolds.css?body=1" for 127.0.0.1 at 2013-03-18 16:29:01 -0400
Served asset /scaffolds.css - 304 Not Modified (0ms)


Started GET "/assets/topics.css?body=1" for 127.0.0.1 at 2013-03-18 16:29:01 -0400
Served asset /topics.css - 304 Not Modified (0ms)


Started GET "/assets/topics.js?body=1" for 127.0.0.1 at 2013-03-18 16:29:01 -0400
Served asset /topics.js - 304 Not Modified (0ms)


Started PUT "/topics/1" for 127.0.0.1 at 2013-03-18 16:29:03 -0400
Processing by TopicsController#update as HTML
  Parameters: {"utf8"=>"✓", "authenticity_token"=>"n9J2L5t5aDsfxEggtB0jTVhsZzSoQ2M7KUxVa9Rw42E=", "topic"=>{"title"=>"Title_01", "description"=>"Des_01"}, "commit"=>"Update Topic", "id"=>"1"}
  [1m[36mTopic Load (0.1ms)[0m  [1mSELECT "topics".* FROM "topics" WHERE "topics"."id" = ? LIMIT 1[0m  [["id", "1"]]
  [1m[35m (0.0ms)[0m  begin transaction
  [1m[36m (0.0ms)[0m  [1mcommit transaction[0m
Redirected to http://localhost:3000/topics/1
Completed 302 Found in 3ms (ActiveRecord: 0.2ms)


Started GET "/topics/1" for 127.0.0.1 at 2013-03-18 16:29:03 -0400
Processing by TopicsController#show as HTML
  Parameters: {"id"=>"1"}
  [1m[35mTopic Load (0.1ms)[0m  SELECT "topics".* FROM "topics" WHERE "topics"."id" = ? LIMIT 1  [["id", "1"]]
  Rendered topics/show.html.erb within layouts/application (0.5ms)
Completed 200 OK in 5ms (Views: 4.1ms | ActiveRecord: 0.1ms)


Started GET "/assets/scaffolds.css?body=1" for 127.0.0.1 at 2013-03-18 16:29:03 -0400
Served asset /scaffolds.css - 304 Not Modified (0ms)


Started GET "/assets/topics.css?body=1" for 127.0.0.1 at 2013-03-18 16:29:03 -0400
Served asset /topics.css - 304 Not Modified (0ms)


Started GET "/assets/topics.js?body=1" for 127.0.0.1 at 2013-03-18 16:29:03 -0400
Served asset /topics.js - 304 Not Modified (0ms)


Started GET "/topics" for 127.0.0.1 at 2013-03-18 16:29:04 -0400
Processing by TopicsController#index as HTML
  [1m[36mTopic Load (0.1ms)[0m  [1mSELECT "topics".* FROM "topics" [0m
  Rendered topics/index.html.erb within layouts/application (1.1ms)
Completed 200 OK in 6ms (Views: 4.9ms | ActiveRecord: 0.1ms)


Started GET "/assets/scaffolds.css?body=1" for 127.0.0.1 at 2013-03-18 16:29:04 -0400
Served asset /scaffolds.css - 304 Not Modified (0ms)


Started GET "/assets/topics.js?body=1" for 127.0.0.1 at 2013-03-18 16:29:04 -0400
Served asset /topics.js - 304 Not Modified (0ms)


Started GET "/assets/topics.css?body=1" for 127.0.0.1 at 2013-03-18 16:29:04 -0400
Served asset /topics.css - 304 Not Modified (0ms)
